# JRE version: OpenJDK Runtime Environment AdoptOpenJDK (11.0.10+9) (build 11.0.10+9)
# Java VM: OpenJDK 64-Bit Server VM AdoptOpenJDK (11.0.10+9, mixed mode, tiered, compressed oops, parallel gc, windows-amd64)
Heap:
 PSYoungGen      total 8704K, used 7448K [0x00000000eab00000, 0x00000000ebd00000, 0x0000000100000000)
  eden space 7168K, 82% used [0x00000000eab00000,0x00000000eb0c66e8,0x00000000eb200000)
  from space 1536K, 99% used [0x00000000eb200000,0x00000000eb37f920,0x00000000eb380000)
  to   space 5120K, 0% used [0x00000000eb800000,0x00000000eb800000,0x00000000ebd00000)
 ParOldGen       total 116736K, used 111662K [0x00000000c0000000, 0x00000000c7200000, 0x00000000eab00000)
  object space 116736K, 95% used [0x00000000c0000000,0x00000000c6d0b8f0,0x00000000c7200000)
 Metaspace       used 63002K, capacity 66130K, committed 66264K, reserved 1107968K
  class space    used 6280K, capacity 7346K, committed 7424K, reserved 1048576K
GC Heap History (20 events):
Event: 41.765 GC heap before
{Heap before GC invocations=46 (full 4):
 PSYoungGen      total 7680K, used 7424K [0x00000000eab00000, 0x00000000ebb00000, 0x0000000100000000)
  eden space 6144K, 100% used [0x00000000eab00000,0x00000000eb100000,0x00000000eb100000)
  from space 1536K, 83% used [0x00000000eb100000,0x00000000eb240000,0x00000000eb280000)
  to   space 4096K, 0% used [0x00000000eb700000,0x00000000eb700000,0x00000000ebb00000)
 ParOldGen       total 116736K, used 101721K [0x00000000c0000000, 0x00000000c7200000, 0x00000000eab00000)
  object space 116736K, 87% used [0x00000000c0000000,0x00000000c6356750,0x00000000c7200000)
 Metaspace       used 60732K, capacity 63673K, committed 63960K, reserved 1105920K
  class space    used 6127K, capacity 7088K, committed 7168K, reserved 1048576K
}
Event: 41.773 GC heap after
{Heap after GC invocations=46 (full 4):
 PSYoungGen      total 7680K, used 1376K [0x00000000eab00000, 0x00000000eb880000, 0x0000000100000000)
  eden space 6144K, 0% used [0x00000000eab00000,0x00000000eab00000,0x00000000eb100000)
  from space 1536K, 89% used [0x00000000eb700000,0x00000000eb858000,0x00000000eb880000)
  to   space 2048K, 0% used [0x00000000eb480000,0x00000000eb480000,0x00000000eb680000)
 ParOldGen       total 116736K, used 101729K [0x00000000c0000000, 0x00000000c7200000, 0x00000000eab00000)
  object space 116736K, 87% used [0x00000000c0000000,0x00000000c6358750,0x00000000c7200000)
 Metaspace       used 60732K, capacity 63673K, committed 63960K, reserved 1105920K
  class space    used 6127K, capacity 7088K, committed 7168K, reserved 1048576K
}
Event: 44.211 GC heap before
{Heap before GC invocations=47 (full 4):
 PSYoungGen      total 7680K, used 7520K [0x00000000eab00000, 0x00000000eb880000, 0x0000000100000000)
  eden space 6144K, 100% used [0x00000000eab00000,0x00000000eb100000,0x00000000eb100000)
  from space 1536K, 89% used [0x00000000eb700000,0x00000000eb858000,0x00000000eb880000)
  to   space 2048K, 0% used [0x00000000eb480000,0x00000000eb480000,0x00000000eb680000)
 ParOldGen       total 116736K, used 101729K [0x00000000c0000000, 0x00000000c7200000, 0x00000000eab00000)
  object space 116736K, 87% used [0x00000000c0000000,0x00000000c6358750,0x00000000c7200000)
 Metaspace       used 61066K, capacity 64209K, committed 64472K, reserved 1105920K
  class space    used 6158K, capacity 7160K, committed 7168K, reserved 1048576K
}
Event: 44.220 GC heap after
{Heap after GC invocations=47 (full 4):
 PSYoungGen      total 8192K, used 2028K [0x00000000eab00000, 0x00000000ebc00000, 0x0000000100000000)
  eden space 6144K, 0% used [0x00000000eab00000,0x00000000eab00000,0x00000000eb100000)
  from space 2048K, 99% used [0x00000000eb480000,0x00000000eb67b230,0x00000000eb680000)
  to   space 5632K, 0% used [0x00000000eb680000,0x00000000eb680000,0x00000000ebc00000)
 ParOldGen       total 116736K, used 104625K [0x00000000c0000000, 0x00000000c7200000, 0x00000000eab00000)
  object space 116736K, 89% used [0x00000000c0000000,0x00000000c662c750,0x00000000c7200000)
 Metaspace       used 61066K, capacity 64209K, committed 64472K, reserved 1105920K
  class space    used 6158K, capacity 7160K, committed 7168K, reserved 1048576K
}
Event: 44.461 GC heap before
{Heap before GC invocations=48 (full 4):
 PSYoungGen      total 8192K, used 8172K [0x00000000eab00000, 0x00000000ebc00000, 0x0000000100000000)
  eden space 6144K, 100% used [0x00000000eab00000,0x00000000eb100000,0x00000000eb100000)
  from space 2048K, 99% used [0x00000000eb480000,0x00000000eb67b230,0x00000000eb680000)
  to   space 5632K, 0% used [0x00000000eb680000,0x00000000eb680000,0x00000000ebc00000)
 ParOldGen       total 116736K, used 104625K [0x00000000c0000000, 0x00000000c7200000, 0x00000000eab00000)
  object space 116736K, 89% used [0x00000000c0000000,0x00000000c662c750,0x00000000c7200000)
 Metaspace       used 61240K, capacity 64309K, committed 64600K, reserved 1105920K
  class space    used 6170K, capacity 7193K, committed 7296K, reserved 1048576K
}
Event: 44.486 GC heap after
{Heap after GC invocations=48 (full 4):
 PSYoungGen      total 6656K, used 224K [0x00000000eab00000, 0x00000000eb700000, 0x0000000100000000)
  eden space 6144K, 0% used [0x00000000eab00000,0x00000000eab00000,0x00000000eb100000)
  from space 512K, 43% used [0x00000000eb680000,0x00000000eb6b8000,0x00000000eb700000)
  to   space 2048K, 0% used [0x00000000eb300000,0x00000000eb300000,0x00000000eb500000)
 ParOldGen       total 116736K, used 105710K [0x00000000c0000000, 0x00000000c7200000, 0x00000000eab00000)
  object space 116736K, 90% used [0x00000000c0000000,0x00000000c673ba20,0x00000000c7200000)
 Metaspace       used 61240K, capacity 64309K, committed 64600K, reserved 1105920K
  class space    used 6170K, capacity 7193K, committed 7296K, reserved 1048576K
}
Event: 44.953 GC heap before
{Heap before GC invocations=49 (full 4):
 PSYoungGen      total 6656K, used 6368K [0x00000000eab00000, 0x00000000eb700000, 0x0000000100000000)
  eden space 6144K, 100% used [0x00000000eab00000,0x00000000eb100000,0x00000000eb100000)
  from space 512K, 43% used [0x00000000eb680000,0x00000000eb6b8000,0x00000000eb700000)
  to   space 2048K, 0% used [0x00000000eb300000,0x00000000eb300000,0x00000000eb500000)
 ParOldGen       total 116736K, used 105710K [0x00000000c0000000, 0x00000000c7200000, 0x00000000eab00000)
  object space 116736K, 90% used [0x00000000c0000000,0x00000000c673ba20,0x00000000c7200000)
 Metaspace       used 61407K, capacity 64507K, committed 64856K, reserved 1107968K
  class space    used 6171K, capacity 7194K, committed 7296K, reserved 1048576K
}
Event: 44.959 GC heap after
{Heap after GC invocations=49 (full 4):
 PSYoungGen      total 8192K, used 352K [0x00000000eab00000, 0x00000000eb700000, 0x0000000100000000)
  eden space 6144K, 0% used [0x00000000eab00000,0x00000000eab00000,0x00000000eb100000)
  from space 2048K, 17% used [0x00000000eb300000,0x00000000eb358000,0x00000000eb500000)
  to   space 1024K, 0% used [0x00000000eb600000,0x00000000eb600000,0x00000000eb700000)
 ParOldGen       total 116736K, used 105710K [0x00000000c0000000, 0x00000000c7200000, 0x00000000eab00000)
  object space 116736K, 90% used [0x00000000c0000000,0x00000000c673ba20,0x00000000c7200000)
 Metaspace       used 61407K, capacity 64507K, committed 64856K, reserved 1107968K
  class space    used 6171K, capacity 7194K, committed 7296K, reserved 1048576K
}
Event: 66.606 GC heap before
{Heap before GC invocations=50 (full 4):
 PSYoungGen      total 8192K, used 6496K [0x00000000eab00000, 0x00000000eb700000, 0x0000000100000000)
  eden space 6144K, 100% used [0x00000000eab00000,0x00000000eb100000,0x00000000eb100000)
  from space 2048K, 17% used [0x00000000eb300000,0x00000000eb358000,0x00000000eb500000)
  to   space 1024K, 0% used [0x00000000eb600000,0x00000000eb600000,0x00000000eb700000)
 ParOldGen       total 116736K, used 105710K [0x00000000c0000000, 0x00000000c7200000, 0x00000000eab00000)
  object space 116736K, 90% used [0x00000000c0000000,0x00000000c673ba20,0x00000000c7200000)
 Metaspace       used 61500K, capacity 64519K, committed 64856K, reserved 1107968K
  class space    used 6178K, capacity 7197K, committed 7296K, reserved 1048576K
}
Event: 66.629 GC heap after
{Heap after GC invocations=50 (full 4):
 PSYoungGen      total 7168K, used 1004K [0x00000000eab00000, 0x00000000eba00000, 0x0000000100000000)
  eden space 6144K, 0% used [0x00000000eab00000,0x00000000eab00000,0x00000000eb100000)
  from space 1024K, 98% used [0x00000000eb600000,0x00000000eb6fb230,0x00000000eb700000)
  to   space 4608K, 0% used [0x00000000eb100000,0x00000000eb100000,0x00000000eb580000)
 ParOldGen       total 116736K, used 108566K [0x00000000c0000000, 0x00000000c7200000, 0x00000000eab00000)
  object space 116736K, 93% used [0x00000000c0000000,0x00000000c6a05a20,0x00000000c7200000)
 Metaspace       used 61500K, capacity 64519K, committed 64856K, reserved 1107968K
  class space    used 6178K, capacity 7197K, committed 7296K, reserved 1048576K
}
Event: 66.799 GC heap before
{Heap before GC invocations=51 (full 4):
 PSYoungGen      total 7168K, used 7148K [0x00000000eab00000, 0x00000000eba00000, 0x0000000100000000)
  eden space 6144K, 100% used [0x00000000eab00000,0x00000000eb100000,0x00000000eb100000)
  from space 1024K, 98% used [0x00000000eb600000,0x00000000eb6fb230,0x00000000eb700000)
  to   space 4608K, 0% used [0x00000000eb100000,0x00000000eb100000,0x00000000eb580000)
 ParOldGen       total 116736K, used 108566K [0x00000000c0000000, 0x00000000c7200000, 0x00000000eab00000)
  object space 116736K, 93% used [0x00000000c0000000,0x00000000c6a05a20,0x00000000c7200000)
 Metaspace       used 61535K, capacity 64520K, committed 64856K, reserved 1107968K
  class space    used 6178K, capacity 7197K, committed 7296K, reserved 1048576K
}
Event: 66.806 GC heap after
{Heap after GC invocations=51 (full 4):
 PSYoungGen      total 7168K, used 544K [0x00000000eab00000, 0x00000000eb680000, 0x0000000100000000)
  eden space 6144K, 0% used [0x00000000eab00000,0x00000000eab00000,0x00000000eb100000)
  from space 1024K, 53% used [0x00000000eb100000,0x00000000eb188000,0x00000000eb200000)
  to   space 2048K, 0% used [0x00000000eb480000,0x00000000eb480000,0x00000000eb680000)
 ParOldGen       total 116736K, used 108702K [0x00000000c0000000, 0x00000000c7200000, 0x00000000eab00000)
  object space 116736K, 93% used [0x00000000c0000000,0x00000000c6a27a50,0x00000000c7200000)
 Metaspace       used 61535K, capacity 64520K, committed 64856K, reserved 1107968K
  class space    used 6178K, capacity 7197K, committed 7296K, reserved 1048576K
}
Event: 67.094 GC heap before
{Heap before GC invocations=52 (full 4):
 PSYoungGen      total 7168K, used 6688K [0x00000000eab00000, 0x00000000eb680000, 0x0000000100000000)
  eden space 6144K, 100% used [0x00000000eab00000,0x00000000eb100000,0x00000000eb100000)
  from space 1024K, 53% used [0x00000000eb100000,0x00000000eb188000,0x00000000eb200000)
  to   space 2048K, 0% used [0x00000000eb480000,0x00000000eb480000,0x00000000eb680000)
 ParOldGen       total 116736K, used 108702K [0x00000000c0000000, 0x00000000c7200000, 0x00000000eab00000)
  object space 116736K, 93% used [0x00000000c0000000,0x00000000c6a27a50,0x00000000c7200000)
 Metaspace       used 61842K, capacity 64881K, committed 65112K, reserved 1107968K
  class space    used 6195K, capacity 7230K, committed 7296K, reserved 1048576K
}
Event: 67.098 GC heap after
{Heap after GC invocations=52 (full 4):
 PSYoungGen      total 6656K, used 320K [0x00000000eab00000, 0x00000000eb500000, 0x0000000100000000)
  eden space 6144K, 0% used [0x00000000eab00000,0x00000000eab00000,0x00000000eb100000)
  from space 512K, 62% used [0x00000000eb480000,0x00000000eb4d0000,0x00000000eb500000)
  to   space 1024K, 0% used [0x00000000eb300000,0x00000000eb300000,0x00000000eb400000)
 ParOldGen       total 116736K, used 108710K [0x00000000c0000000, 0x00000000c7200000, 0x00000000eab00000)
  object space 116736K, 93% used [0x00000000c0000000,0x00000000c6a29a50,0x00000000c7200000)
 Metaspace       used 61842K, capacity 64881K, committed 65112K, reserved 1107968K
  class space    used 6195K, capacity 7230K, committed 7296K, reserved 1048576K
}
Event: 78.523 GC heap before
{Heap before GC invocations=53 (full 4):
 PSYoungGen      total 6656K, used 6464K [0x00000000eab00000, 0x00000000eb500000, 0x0000000100000000)
  eden space 6144K, 100% used [0x00000000eab00000,0x00000000eb100000,0x00000000eb100000)
  from space 512K, 62% used [0x00000000eb480000,0x00000000eb4d0000,0x00000000eb500000)
  to   space 1024K, 0% used [0x00000000eb300000,0x00000000eb300000,0x00000000eb400000)
 ParOldGen       total 116736K, used 108710K [0x00000000c0000000, 0x00000000c7200000, 0x00000000eab00000)
  object space 116736K, 93% used [0x00000000c0000000,0x00000000c6a29a50,0x00000000c7200000)
 Metaspace       used 62017K, capacity 65040K, committed 65112K, reserved 1107968K
  class space    used 6213K, capacity 7239K, committed 7296K, reserved 1048576K
}
Event: 78.549 GC heap after
{Heap after GC invocations=53 (full 4):
 PSYoungGen      total 7168K, used 672K [0x00000000eab00000, 0x00000000eb500000, 0x0000000100000000)
  eden space 6144K, 0% used [0x00000000eab00000,0x00000000eab00000,0x00000000eb100000)
  from space 1024K, 65% used [0x00000000eb300000,0x00000000eb3a8000,0x00000000eb400000)
  to   space 1024K, 0% used [0x00000000eb400000,0x00000000eb400000,0x00000000eb500000)
 ParOldGen       total 116736K, used 108718K [0x00000000c0000000, 0x00000000c7200000, 0x00000000eab00000)
  object space 116736K, 93% used [0x00000000c0000000,0x00000000c6a2ba50,0x00000000c7200000)
 Metaspace       used 62017K, capacity 65040K, committed 65112K, reserved 1107968K
  class space    used 6213K, capacity 7239K, committed 7296K, reserved 1048576K
}
Event: 79.027 GC heap before
{Heap before GC invocations=54 (full 4):
 PSYoungGen      total 7168K, used 6816K [0x00000000eab00000, 0x00000000eb500000, 0x0000000100000000)
  eden space 6144K, 100% used [0x00000000eab00000,0x00000000eb100000,0x00000000eb100000)
  from space 1024K, 65% used [0x00000000eb300000,0x00000000eb3a8000,0x00000000eb400000)
  to   space 1024K, 0% used [0x00000000eb400000,0x00000000eb400000,0x00000000eb500000)
 ParOldGen       total 116736K, used 108718K [0x00000000c0000000, 0x00000000c7200000, 0x00000000eab00000)
  object space 116736K, 93% used [0x00000000c0000000,0x00000000c6a2ba50,0x00000000c7200000)
 Metaspace       used 62284K, capacity 65302K, committed 65368K, reserved 1107968K
  class space    used 6223K, capacity 7241K, committed 7296K, reserved 1048576K
}
Event: 79.230 GC heap after
{Heap after GC invocations=54 (full 4):
 PSYoungGen      total 8192K, used 1024K [0x00000000eab00000, 0x00000000eb500000, 0x0000000100000000)
  eden space 7168K, 0% used [0x00000000eab00000,0x00000000eab00000,0x00000000eb200000)
  from space 1024K, 100% used [0x00000000eb400000,0x00000000eb500000,0x00000000eb500000)
  to   space 1536K, 0% used [0x00000000eb200000,0x00000000eb200000,0x00000000eb380000)
 ParOldGen       total 116736K, used 109047K [0x00000000c0000000, 0x00000000c7200000, 0x00000000eab00000)
  object space 116736K, 93% used [0x00000000c0000000,0x00000000c6a7dc38,0x00000000c7200000)
 Metaspace       used 62284K, capacity 65302K, committed 65368K, reserved 1107968K
  class space    used 6223K, capacity 7241K, committed 7296K, reserved 1048576K
}
Event: 79.832 GC heap before
{Heap before GC invocations=55 (full 4):
 PSYoungGen      total 8192K, used 8192K [0x00000000eab00000, 0x00000000eb500000, 0x0000000100000000)
  eden space 7168K, 100% used [0x00000000eab00000,0x00000000eb200000,0x00000000eb200000)
  from space 1024K, 100% used [0x00000000eb400000,0x00000000eb500000,0x00000000eb500000)
  to   space 1536K, 0% used [0x00000000eb200000,0x00000000eb200000,0x00000000eb380000)
 ParOldGen       total 116736K, used 109047K [0x00000000c0000000, 0x00000000c7200000, 0x00000000eab00000)
  object space 116736K, 93% used [0x00000000c0000000,0x00000000c6a7dc38,0x00000000c7200000)
 Metaspace       used 62924K, capacity 66065K, committed 66264K, reserved 1107968K
  class space    used 6280K, capacity 7346K, committed 7424K, reserved 1048576K
}
Event: 79.884 GC heap after
{Heap after GC invocations=55 (full 4):
 PSYoungGen      total 8704K, used 1534K [0x00000000eab00000, 0x00000000ebd00000, 0x0000000100000000)
  eden space 7168K, 0% used [0x00000000eab00000,0x00000000eab00000,0x00000000eb200000)
  from space 1536K, 99% used [0x00000000eb200000,0x00000000eb37f920,0x00000000eb380000)
  to   space 5120K, 0% used [0x00000000eb800000,0x00000000eb800000,0x00000000ebd00000)
 ParOldGen       total 116736K, used 111662K [0x00000000c0000000, 0x00000000c7200000, 0x00000000eab00000)
  object space 116736K, 95% used [0x00000000c0000000,0x00000000c6d0b8f0,0x00000000c7200000)
 Metaspace       used 62924K, capacity 66065K, committed 66264K, reserved 1107968K
  class space    used 6280K, capacity 7346K, committed 7424K, reserved 1048576K
}

